decodesdk/build/intermediates/manifest_merge_blame_file/debug/processDebugManifest/manifest-merger-blame-debug-report.txt
1<?xml version="1.0" encoding="utf-8"?>
2<manifest xmlns:android="http://schemas.android.com/apk/res/android"
3    package="net.irext.decode.sdk" >
4
5    <uses-sdk android:minSdkVersion="26" />
6
7    <application
7-->src/main/AndroidManifest.xml:3:5-6:19
8        android:allowBackup="true"
8-->src/main/AndroidManifest.xml:3:18-44
9        android:label="@string/app_name"
9-->src/main/AndroidManifest.xml:3:45-77
10        android:supportsRtl="true" >
10-->src/main/AndroidManifest.xml:4:9-35
11    </application>
12
13</manifest>